#
# A fatal error has been detected by the Java Runtime Environment:
#
#  EXCEPTION_ACCESS_VIOLATION (0xc0000005) at pc=0x00000000036126c0, pid=5640, tid=7144
#
# JRE version: Java(TM) SE Runtime Environment (8.0_60-b27) (build 1.8.0_60-b27)
# Java VM: Java HotSpot(TM) 64-Bit Server VM (25.60-b23 mixed mode windows-amd64 compressed oops)
# Problematic frame:
# J 7143 C1 com.sun.tools.javac.code.Type.isPrimitive()Z (2 bytes) @ 0x00000000036126c0 [0x00000000036126a0+0x20]
#
# Failed to write core dump. Minidumps are not enabled by default on client versions of Windows
#
# If you would like to submit a bug report, please visit:
#   http://bugreport.java.com/bugreport/crash.jsp
#

---------------  T H R E A D  ---------------

Current thread (0x000000001584c800):  JavaThread "Task worker" [_thread_in_Java, id=7144, stack(0x000000001aae0000,0x000000001abe0000)]

siginfo: ExceptionCode=0xc0000005, reading address 0x0000000000000000

Registers:
RAX=0x000000010077f270, RBX=0x000000001ade2178, RCX=0x0000000000000000, RDX=0x00000000facc6dc8
RSP=0x000000001abdbf58, RBP=0x000000001abdc088, RSI=0x0000000000000000, RDI=0x00000000fcf5ae20
R8 =0x00000000fad9b0a8, R9 =0x00000000f0464e10, R10=0x000000010076ae68, R11=0x000000000362a720
R12=0x0000000000000000, R13=0x000000001abdc038, R14=0x0000000000000000, R15=0x000000001584c800
RIP=0x00000000036126c0, EFLAGS=0x0000000000010212

Top of Stack: (sp=0x000000001abdbf58)
0x000000001abdbf58:   000000000362a86c 000000001ae8eced
0x000000001abdbf68:   000000001abdbfc0 000000001aea7f38
0x000000001abdbf78:   0000000000000000 000000001ae8ed10
0x000000001abdbf88:   0000000000000000 000000001abdbfb0
0x000000001abdbf98:   000000001abdc008 00000000021e7a70
0x000000001abdbfa8:   00000000fc459e60 00000000f0464e10
0x000000001abdbfb8:   00000000fc459e60 00000000fadaf0b8
0x000000001abdbfc8:   000000001abdbfc8 000000001ae8f216
0x000000001abdbfd8:   000000001abdc028 000000001aea7f38
0x000000001abdbfe8:   0000000000000000 000000001ae8f220
0x000000001abdbff8:   00000000fad9b0a8 00000000fc220b08
0x000000001abdc008:   00000000fcf5adf0 00000000facc6dc8
0x000000001abdc018:   00000000f0464e10 000000001abdc088
0x000000001abdc028:   00000000021e7a70 00000000021e7a70
0x000000001abdc038:   00000000fad9b0a8 00000000fc220b08
0x000000001abdc048:   000000001abdc048 000000001ae8ece8 

Instructions: (pc=0x00000000036126c0)
0x00000000036126a0:   44 8b 52 08 49 c1 e2 03 4c 3b d0 0f 85 af 38 c1
0x00000000036126b0:   fe 0f 1f 84 00 00 00 00 00 0f 1f 80 00 00 00 00
0x00000000036126c0:   89 84 24 00 a0 ff ff 55 48 83 ec 30 b8 00 00 00
0x00000000036126d0:   00 48 83 c4 30 5d 85 05 24 da df fc c3 90 90 49 


Register to memory mapping:

RAX=0x000000010077f270 is pointing into metadata
RBX={method} {0x000000001ade2180} 'isPrimitive' '()Z' in 'com/sun/tools/javac/code/Type'
RCX=0x0000000000000000 is an unknown value
RDX=0x00000000facc6dc8 is an oop
com.sun.tools.javac.code.Type$1 
 - klass: 'com/sun/tools/javac/code/Type$1'
RSP=0x000000001abdbf58 is pointing into the stack for thread: 0x000000001584c800
RBP=0x000000001abdc088 is pointing into the stack for thread: 0x000000001584c800
RSI=0x0000000000000000 is an unknown value
RDI=0x00000000fcf5ae20 is an oop

[error occurred during error reporting (printing register info), id 0xc0000005]

Stack: [0x000000001aae0000,0x000000001abe0000],  sp=0x000000001abdbf58,  free space=1007k
Native frames: (J=compiled Java code, j=interpreted, Vv=VM code, C=native code)
C  0x00000000036126c0


---------------  P R O C E S S  ---------------

Java Threads: ( => current thread )
=>0x000000001584c800 JavaThread "Task worker" [_thread_in_Java, id=7144, stack(0x000000001aae0000,0x000000001abe0000)]
  0x000000001584d800 JavaThread "Stdin handler" [_thread_blocked, id=752, stack(0x000000001a840000,0x000000001a940000)]
  0x000000001584b000 JavaThread "Cancel handler" [_thread_blocked, id=5572, stack(0x0000000019e80000,0x0000000019f80000)]
  0x000000001584c000 JavaThread "Handler for socket connection from /127.0.0.1:63706 to /127.0.0.1:63720" [_thread_in_native, id=3552, stack(0x0000000018990000,0x0000000018a90000)]
  0x00000000156b5000 JavaThread "File lock request listener" [_thread_in_native, id=6692, stack(0x0000000017c90000,0x0000000017d90000)]
  0x0000000014eb6800 JavaThread "Daemon worker" [_thread_blocked, id=7828, stack(0x00000000164c0000,0x00000000165c0000)]
  0x0000000013fb8800 JavaThread "Daemon" [_thread_blocked, id=6768, stack(0x00000000161c0000,0x00000000162c0000)]
  0x0000000014899800 JavaThread "Incoming local TCP Connector on port 63706" [_thread_in_native, id=1316, stack(0x0000000014a80000,0x0000000014b80000)]
  0x0000000012aed800 JavaThread "Service Thread" daemon [_thread_blocked, id=940, stack(0x0000000013c80000,0x0000000013d80000)]
  0x0000000012a6e000 JavaThread "C1 CompilerThread1" daemon [_thread_blocked, id=6188, stack(0x0000000013b80000,0x0000000013c80000)]
  0x0000000012a6a000 JavaThread "C2 CompilerThread0" daemon [_thread_blocked, id=7152, stack(0x0000000013a80000,0x0000000013b80000)]
  0x0000000012a68800 JavaThread "Attach Listener" daemon [_thread_blocked, id=6560, stack(0x0000000013980000,0x0000000013a80000)]
  0x0000000012a65000 JavaThread "Signal Dispatcher" daemon [_thread_blocked, id=3340, stack(0x0000000013880000,0x0000000013980000)]
  0x00000000021d3800 JavaThread "Finalizer" daemon [_thread_blocked, id=4236, stack(0x00000000136a0000,0x00000000137a0000)]
  0x00000000021ca800 JavaThread "Reference Handler" daemon [_thread_blocked, id=3400, stack(0x00000000135a0000,0x00000000136a0000)]
  0x00000000020de000 JavaThread "main" [_thread_blocked, id=7532, stack(0x0000000001fb0000,0x00000000020b0000)]

Other Threads:
  0x0000000012a36000 VMThread [stack: 0x00000000134a0000,0x00000000135a0000] [id=5156]
  0x0000000012af3800 WatcherThread [stack: 0x0000000013d80000,0x0000000013e80000] [id=4452]

VM state:not at safepoint (normal execution)

VM Mutex/Monitor currently owned by a thread: None

Heap:
 PSYoungGen      total 73216K, used 40124K [0x00000000fab00000, 0x00000000ffe80000, 0x0000000100000000)
  eden space 62976K, 59% used [0x00000000fab00000,0x00000000fcf5d908,0x00000000fe880000)
  from space 10240K, 28% used [0x00000000ff480000,0x00000000ff751a60,0x00000000ffe80000)
  to   space 11264K, 0% used [0x00000000fe880000,0x00000000fe880000,0x00000000ff380000)
 ParOldGen       total 61440K, used 51358K [0x00000000f0000000, 0x00000000f3c00000, 0x00000000fab00000)
  object space 61440K, 83% used [0x00000000f0000000,0x00000000f3227ac8,0x00000000f3c00000)
 Metaspace       used 52121K, capacity 54726K, committed 55040K, reserved 1095680K
  class space    used 7152K, capacity 8081K, committed 8192K, reserved 1048576K

Card table byte_map: [0x00000000115a0000,0x0000000011630000] byte_map_base: 0x0000000010e20000

Marking Bits: (ParMarkBitMap*) 0x000000006638a5b0
 Begin Bits: [0x0000000011890000, 0x0000000011c90000)
 End Bits:   [0x0000000011c90000, 0x0000000012090000)

Polling page: 0x0000000000410000

CodeCache: size=245760Kb used=21715Kb max_used=21729Kb free=224044Kb
 bounds [0x00000000021e0000, 0x0000000003740000, 0x00000000111e0000]
 total_blobs=7186 nmethods=6484 adapters=614
 compilation: enabled

Compilation events (10 events):
Event: 147.559 Thread 0x0000000012a6e000 7498       3       com.sun.tools.javac.util.Convert::shortName (17 bytes)
Event: 147.561 Thread 0x0000000012a6e000 nmethod 7498 0x0000000003726b10 code [0x0000000003726cc0, 0x0000000003727308]
Event: 147.564 Thread 0x0000000012a6e000 7499       3       com.sun.tools.javac.tree.TreeScanner::scan (33 bytes)
Event: 147.565 Thread 0x0000000012a6e000 nmethod 7499 0x00000000037274d0 code [0x0000000003727660, 0x0000000003727b88]
Event: 147.566 Thread 0x0000000012a6e000 7500       3       com.sun.tools.javac.tree.JCTree::hasTag (14 bytes)
Event: 147.567 Thread 0x0000000012a6e000 nmethod 7500 0x0000000003727cd0 code [0x0000000003727e40, 0x00000000037280a8]
Event: 147.582 Thread 0x0000000012a6e000 7501       3       com.sun.tools.javac.tree.JCTree$Visitor::<init> (5 bytes)
Event: 147.583 Thread 0x0000000012a6e000 nmethod 7501 0x0000000003728150 code [0x00000000037282a0, 0x0000000003728450]
Event: 147.585 Thread 0x0000000012a6e000 7502       3       com.sun.tools.javac.code.Types$15::visitType (38 bytes)
Event: 147.586 Thread 0x0000000012a6e000 nmethod 7502 0x0000000003728510 code [0x00000000037286a0, 0x0000000003728b18]

GC Heap History (10 events):
Event: 99.933 GC heap before
{Heap before GC invocations=21 (full 2):
 PSYoungGen      total 73216K, used 61139K [0x00000000fab00000, 0x0000000100000000, 0x0000000100000000)
  eden space 60416K, 85% used [0x00000000fab00000,0x00000000fdd8aaa8,0x00000000fe600000)
  from space 12800K, 73% used [0x00000000ff380000,0x00000000ffcaa468,0x0000000100000000)
  to   space 13312K, 0% used [0x00000000fe600000,0x00000000fe600000,0x00000000ff300000)
 ParOldGen       total 61440K, used 36503K [0x00000000f0000000, 0x00000000f3c00000, 0x00000000fab00000)
  object space 61440K, 59% used [0x00000000f0000000,0x00000000f23a5d10,0x00000000f3c00000)
 Metaspace       used 43577K, capacity 45550K, committed 45824K, reserved 1087488K
  class space    used 6033K, capacity 6789K, committed 6912K, reserved 1048576K
Event: 100.013 GC heap after
Heap after GC invocations=21 (full 2):
 PSYoungGen      total 73728K, used 5176K [0x00000000fab00000, 0x0000000100000000, 0x0000000100000000)
  eden space 60416K, 0% used [0x00000000fab00000,0x00000000fab00000,0x00000000fe600000)
  from space 13312K, 38% used [0x00000000fe600000,0x00000000feb0e078,0x00000000ff300000)
  to   space 12800K, 0% used [0x00000000ff380000,0x00000000ff380000,0x0000000100000000)
 ParOldGen       total 61440K, used 44688K [0x00000000f0000000, 0x00000000f3c00000, 0x00000000fab00000)
  object space 61440K, 72% used [0x00000000f0000000,0x00000000f2ba4268,0x00000000f3c00000)
 Metaspace       used 43577K, capacity 45550K, committed 45824K, reserved 1087488K
  class space    used 6033K, capacity 6789K, committed 6912K, reserved 1048576K
}
Event: 100.013 GC heap before
{Heap before GC invocations=22 (full 3):
 PSYoungGen      total 73728K, used 5176K [0x00000000fab00000, 0x0000000100000000, 0x0000000100000000)
  eden space 60416K, 0% used [0x00000000fab00000,0x00000000fab00000,0x00000000fe600000)
  from space 13312K, 38% used [0x00000000fe600000,0x00000000feb0e078,0x00000000ff300000)
  to   space 12800K, 0% used [0x00000000ff380000,0x00000000ff380000,0x0000000100000000)
 ParOldGen       total 61440K, used 44688K [0x00000000f0000000, 0x00000000f3c00000, 0x00000000fab00000)
  object space 61440K, 72% used [0x00000000f0000000,0x00000000f2ba4268,0x00000000f3c00000)
 Metaspace       used 43577K, capacity 45550K, committed 45824K, reserved 1087488K
  class space    used 6033K, capacity 6789K, committed 6912K, reserved 1048576K
Event: 101.540 GC heap after
Heap after GC invocations=22 (full 3):
 PSYoungGen      total 73728K, used 0K [0x00000000fab00000, 0x0000000100000000, 0x0000000100000000)
  eden space 60416K, 0% used [0x00000000fab00000,0x00000000fab00000,0x00000000fe600000)
  from space 13312K, 0% used [0x00000000fe600000,0x00000000fe600000,0x00000000ff300000)
  to   space 12800K, 0% used [0x00000000ff380000,0x00000000ff380000,0x0000000100000000)
 ParOldGen       total 61440K, used 46619K [0x00000000f0000000, 0x00000000f3c00000, 0x00000000fab00000)
  object space 61440K, 75% used [0x00000000f0000000,0x00000000f2d86d30,0x00000000f3c00000)
 Metaspace       used 43577K, capacity 45550K, committed 45824K, reserved 1087488K
  class space    used 6033K, capacity 6789K, committed 6912K, reserved 1048576K
}
Event: 120.466 GC heap before
{Heap before GC invocations=23 (full 3):
 PSYoungGen      total 73728K, used 60416K [0x00000000fab00000, 0x0000000100000000, 0x0000000100000000)
  eden space 60416K, 100% used [0x00000000fab00000,0x00000000fe600000,0x00000000fe600000)
  from space 13312K, 0% used [0x00000000fe600000,0x00000000fe600000,0x00000000ff300000)
  to   space 12800K, 0% used [0x00000000ff380000,0x00000000ff380000,0x0000000100000000)
 ParOldGen       total 61440K, used 46619K [0x00000000f0000000, 0x00000000f3c00000, 0x00000000fab00000)
  object space 61440K, 75% used [0x00000000f0000000,0x00000000f2d86d30,0x00000000f3c00000)
 Metaspace       used 44068K, capacity 46164K, committed 46336K, reserved 1089536K
  class space    used 6063K, capacity 6853K, committed 6912K, reserved 1048576K
Event: 120.490 GC heap after
Heap after GC invocations=23 (full 3):
 PSYoungGen      total 72192K, used 2907K [0x00000000fab00000, 0x00000000ffe80000, 0x0000000100000000)
  eden space 60928K, 0% used [0x00000000fab00000,0x00000000fab00000,0x00000000fe680000)
  from space 11264K, 25% used [0x00000000ff380000,0x00000000ff656cb0,0x00000000ffe80000)
  to   space 12288K, 0% used [0x00000000fe680000,0x00000000fe680000,0x00000000ff280000)
 ParOldGen       total 61440K, used 46627K [0x00000000f0000000, 0x00000000f3c00000, 0x00000000fab00000)
  object space 61440K, 75% used [0x00000000f0000000,0x00000000f2d88d30,0x00000000f3c00000)
 Metaspace       used 44068K, capacity 46164K, committed 46336K, reserved 1089536K
  class space    used 6063K, capacity 6853K, committed 6912K, reserved 1048576K
}
Event: 133.685 GC heap before
{Heap before GC invocations=24 (full 3):
 PSYoungGen      total 72192K, used 63835K [0x00000000fab00000, 0x00000000ffe80000, 0x0000000100000000)
  eden space 60928K, 100% used [0x00000000fab00000,0x00000000fe680000,0x00000000fe680000)
  from space 11264K, 25% used [0x00000000ff380000,0x00000000ff656cb0,0x00000000ffe80000)
  to   space 12288K, 0% used [0x00000000fe680000,0x00000000fe680000,0x00000000ff280000)
 ParOldGen       total 61440K, used 46627K [0x00000000f0000000, 0x00000000f3c00000, 0x00000000fab00000)
  object space 61440K, 75% used [0x00000000f0000000,0x00000000f2d88d30,0x00000000f3c00000)
 Metaspace       used 45377K, capacity 47660K, committed 47872K, reserved 1089536K
  class space    used 6265K, capacity 7111K, committed 7168K, reserved 1048576K
Event: 133.727 GC heap after
Heap after GC invocations=24 (full 3):
 PSYoungGen      total 73216K, used 4420K [0x00000000fab00000, 0x0000000100000000, 0x0000000100000000)
  eden space 60928K, 0% used [0x00000000fab00000,0x00000000fab00000,0x00000000fe680000)
  from space 12288K, 35% used [0x00000000fe680000,0x00000000fead1030,0x00000000ff280000)
  to   space 11776K, 0% used [0x00000000ff480000,0x00000000ff480000,0x0000000100000000)
 ParOldGen       total 61440K, used 48694K [0x00000000f0000000, 0x00000000f3c00000, 0x00000000fab00000)
  object space 61440K, 79% used [0x00000000f0000000,0x00000000f2f8da78,0x00000000f3c00000)
 Metaspace       used 45377K, capacity 47660K, committed 47872K, reserved 1089536K
  class space    used 6265K, capacity 7111K, committed 7168K, reserved 1048576K
}
Event: 143.291 GC heap before
{Heap before GC invocations=25 (full 3):
 PSYoungGen      total 73216K, used 65348K [0x00000000fab00000, 0x0000000100000000, 0x0000000100000000)
  eden space 60928K, 100% used [0x00000000fab00000,0x00000000fe680000,0x00000000fe680000)
  from space 12288K, 35% used [0x00000000fe680000,0x00000000fead1030,0x00000000ff280000)
  to   space 11776K, 0% used [0x00000000ff480000,0x00000000ff480000,0x0000000100000000)
 ParOldGen       total 61440K, used 48694K [0x00000000f0000000, 0x00000000f3c00000, 0x00000000fab00000)
  object space 61440K, 79% used [0x00000000f0000000,0x00000000f2f8da78,0x00000000f3c00000)
 Metaspace       used 48059K, capacity 50662K, committed 50944K, reserved 1093632K
  class space    used 6678K, capacity 7601K, committed 7680K, reserved 1048576K
Event: 143.333 GC heap after
Heap after GC invocations=25 (full 3):
 PSYoungGen      total 73216K, used 2886K [0x00000000fab00000, 0x00000000ffe80000, 0x0000000100000000)
  eden space 62976K, 0% used [0x00000000fab00000,0x00000000fab00000,0x00000000fe880000)
  from space 10240K, 28% used [0x00000000ff480000,0x00000000ff751a60,0x00000000ffe80000)
  to   space 11264K, 0% used [0x00000000fe880000,0x00000000fe880000,0x00000000ff380000)
 ParOldGen       total 61440K, used 51358K [0x00000000f0000000, 0x00000000f3c00000, 0x00000000fab00000)
  object space 61440K, 83% used [0x00000000f0000000,0x00000000f3227ac8,0x00000000f3c00000)
 Metaspace       used 48059K, capacity 50662K, committed 50944K, reserved 1093632K
  class space    used 6678K, capacity 7601K, committed 7680K, reserved 1048576K
}

Deoptimization events (10 events):
Event: 144.581 Thread 0x000000001584c800 Uncommon trap: reason=unstable_if action=reinterpret pc=0x0000000002657ab4 method=java.util.jar.Attributes$Name.isDigit(C)Z @ 3
Event: 144.927 Thread 0x000000001584c800 Uncommon trap: reason=unstable_if action=reinterpret pc=0x00000000025a4298 method=com.sun.tools.javac.parser.UnicodeReader.scanChar()V @ 37
Event: 145.374 Thread 0x000000001584c800 Uncommon trap: reason=unstable_if action=reinterpret pc=0x00000000032ed348 method=com.sun.tools.javac.parser.UnicodeReader.scanChar()V @ 37
Event: 145.531 Thread 0x000000001584c800 Uncommon trap: reason=unstable_if action=reinterpret pc=0x00000000025d9794 method=java.io.File.equals(Ljava/lang/Object;)Z @ 1
Event: 145.656 Thread 0x000000001584c800 Uncommon trap: reason=predicate action=maybe_recompile pc=0x000000000304c8c0 method=java.util.ComparableTimSort.binarySort([Ljava/lang/Object;III)V @ 37
Event: 145.756 Thread 0x000000001584c800 Uncommon trap: reason=array_check action=maybe_recompile pc=0x00000000035f40dc method=java.util.ComparableTimSort.binarySort([Ljava/lang/Object;III)V @ 215
Event: 145.756 Thread 0x000000001584c800 Uncommon trap: reason=array_check action=maybe_recompile pc=0x00000000035f4268 method=java.util.ComparableTimSort.binarySort([Ljava/lang/Object;III)V @ 183
Event: 145.756 Thread 0x000000001584c800 Uncommon trap: reason=array_check action=maybe_recompile pc=0x00000000035f41a0 method=java.util.ComparableTimSort.binarySort([Ljava/lang/Object;III)V @ 193
Event: 145.756 Thread 0x000000001584c800 Uncommon trap: reason=array_check action=maybe_recompile pc=0x00000000035f41a0 method=java.util.ComparableTimSort.binarySort([Ljava/lang/Object;III)V @ 193
Event: 145.764 Thread 0x000000001584c800 Uncommon trap: reason=array_check action=maybe_recompile pc=0x000000000338bc2c method=java.util.ComparableTimSort.binarySort([Ljava/lang/Object;III)V @ 215

Internal exceptions (10 events):
Event: 138.574 Thread 0x000000001584c800 Exception <a 'java/lang/ClassNotFoundException': [Ljava/io/File;BeanInfo> (0x00000000fd61cdb0) thrown at [C:\re\workspace\8-2-build-windows-amd64-cygwin\jdk8u60\4407\hotspot\src\share\vm\prims\jni.cpp, line 735]
Event: 138.574 Thread 0x000000001584c800 Exception <a 'java/lang/ClassNotFoundException': [Ljava/io/File;BeanInfo> (0x00000000fd61d200) thrown at [C:\re\workspace\8-2-build-windows-amd64-cygwin\jdk8u60\4407\hotspot\src\share\vm\prims\jni.cpp, line 735]
Event: 138.575 Thread 0x000000001584c800 Exception <a 'java/lang/ClassNotFoundException': [Ljava/io/File;Customizer> (0x00000000fd61d820) thrown at [C:\re\workspace\8-2-build-windows-amd64-cygwin\jdk8u60\4407\hotspot\src\share\vm\prims\jni.cpp, line 735]
Event: 138.575 Thread 0x000000001584c800 Exception <a 'java/lang/ClassNotFoundException': [Ljava/io/File;Customizer> (0x00000000fd61dc78) thrown at [C:\re\workspace\8-2-build-windows-amd64-cygwin\jdk8u60\4407\hotspot\src\share\vm\prims\jni.cpp, line 735]
Event: 138.701 Thread 0x000000001584c800 Exception <a 'java/lang/ClassNotFoundException': com/android/builder/core/AaptPackageProcessBuilderBeanInfo> (0x00000000fd6537b8) thrown at [C:\re\workspace\8-2-build-windows-amd64-cygwin\jdk8u60\4407\hotspot\src\share\vm\classfile\systemDictionary.cpp, liê;OtVa@
Event: 138.702 Thread 0x000000001584c800 Exception <a 'java/lang/ClassNotFoundException': com/android/ide/common/process/ProcessEnvBuilderBeanInfo> (0x00000000fd65e5b0) thrown at [C:\re\workspace\8-2-build-windows-amd64-cygwin\jdk8u60\4407\hotspot\src\share\vm\classfile\systemDictionary.cpp, line­Hè®yVa@
Event: 138.702 Thread 0x000000001584c800 Exception <a 'java/lang/ClassNotFoundException': com/android/ide/common/process/ProcessEnvBuilderCustomizer> (0x00000000fd669430) thrown at [C:\re\workspace\8-2-build-windows-amd64-cygwin\jdk8u60\4407\hotspot\src\share\vm\classfile\systemDictionary.cpp, li.Üä™†Va@
Event: 138.704 Thread 0x000000001584c800 Exception <a 'java/lang/ClassNotFoundException': com/android/builder/core/AaptPackageProcessBuilderCustomizer> (0x00000000fd679438) thrown at [C:\re\workspace\8-2-build-windows-amd64-cygwin\jdk8u60\4407\hotspot\src\share\vm\classfile\systemDictionary.cpp, î|1b@
Event: 145.531 Thread 0x000000001584c800 Implicit null exception at 0x00000000025d970c to 0x00000000025d9782
Event: 147.590 Thread 0x000000001584c800 Implicit null exception at 0x00000000036126c0 to 0x0000000000000000

Events (10 events):
Event: 147.547 loading class com/sun/tools/javac/comp/Flow$FlowAnalyzer
Event: 147.547 loading class com/sun/tools/javac/comp/Flow$FlowAnalyzer done
Event: 147.549 loading class com/sun/tools/javac/comp/Flow$FlowAnalyzer$FlowPendingExit
Event: 147.549 loading class com/sun/tools/javac/comp/Flow$FlowAnalyzer$FlowPendingExit done
Event: 147.571 loading class com/sun/tools/javac/comp/Flow$CaptureAnalyzer
Event: 147.571 loading class com/sun/tools/javac/comp/Flow$CaptureAnalyzer done
Event: 147.581 loading class com/sun/tools/javac/main/JavaCompiler$1ScanNested
Event: 147.581 loading class com/sun/tools/javac/main/JavaCompiler$1ScanNested done
Event: 147.588 loading class com/sun/tools/javac/tree/TreeMaker$1
Event: 147.588 loading class com/sun/tools/javac/tree/TreeMaker$1 done


Dynamic libraries:
0x00007ff6d91e0000 - 0x00007ff6d9217000 	C:\Program Files\Java\jdk1.8.0_60\bin\java.exe
0x00007ffe9eac0000 - 0x00007ffe9ec81000 	C:\WINDOWS\SYSTEM32\ntdll.dll
0x00007ffe9e100000 - 0x00007ffe9e1ad000 	C:\WINDOWS\system32\KERNEL32.DLL
0x00007ffe9bc20000 - 0x00007ffe9be08000 	C:\WINDOWS\system32\KERNELBASE.dll
0x00007ffe999c0000 - 0x00007ffe99a39000 	C:\WINDOWS\system32\apphelp.dll
0x00007ffe9c330000 - 0x00007ffe9c3d7000 	C:\WINDOWS\system32\ADVAPI32.dll
0x00007ffe9dd70000 - 0x00007ffe9de0d000 	C:\WINDOWS\system32\msvcrt.dll
0x00007ffe9dff0000 - 0x00007ffe9e04b000 	C:\WINDOWS\system32\sechost.dll
0x00007ffe9bec0000 - 0x00007ffe9bfdc000 	C:\WINDOWS\system32\RPCRT4.dll
0x00007ffe9c050000 - 0x00007ffe9c1a6000 	C:\WINDOWS\system32\USER32.dll
0x00007ffe9e640000 - 0x00007ffe9e7c6000 	C:\WINDOWS\system32\GDI32.dll
0x00007ffe93160000 - 0x00007ffe933d4000 	C:\WINDOWS\WinSxS\amd64_microsoft.windows.common-controls_6595b64144ccf1df_6.0.10586.0_none_8c15ae12515e1c22\COMCTL32.dll
0x00007ffe9e840000 - 0x00007ffe9eabd000 	C:\WINDOWS\system32\combase.dll
0x00007ffe9b3a0000 - 0x00007ffe9b40a000 	C:\WINDOWS\system32\bcryptPrimitives.dll
0x00007ffe9dfb0000 - 0x00007ffe9dfeb000 	C:\WINDOWS\system32\IMM32.DLL
0x0000000065700000 - 0x00000000657d2000 	C:\Program Files\Java\jdk1.8.0_60\jre\bin\msvcr100.dll
0x0000000065b80000 - 0x0000000066409000 	C:\Program Files\Java\jdk1.8.0_60\jre\bin\server\jvm.dll
0x00007ffe9e830000 - 0x00007ffe9e838000 	C:\WINDOWS\system32\PSAPI.DLL
0x00007ffe955c0000 - 0x00007ffe955c9000 	C:\WINDOWS\SYSTEM32\WSOCK32.dll
0x00007ffe9bfe0000 - 0x00007ffe9c04b000 	C:\WINDOWS\system32\WS2_32.dll
0x00007ffe99900000 - 0x00007ffe99923000 	C:\WINDOWS\SYSTEM32\WINMM.dll
0x00007ffe97d30000 - 0x00007ffe97d3a000 	C:\WINDOWS\SYSTEM32\VERSION.dll
0x00007ffe998d0000 - 0x00007ffe998fc000 	C:\WINDOWS\SYSTEM32\WINMMBASE.dll
0x00007ffe9baf0000 - 0x00007ffe9bb33000 	C:\WINDOWS\system32\cfgmgr32.dll
0x0000000065b70000 - 0x0000000065b7f000 	C:\Program Files\Java\jdk1.8.0_60\jre\bin\verify.dll
0x0000000065b40000 - 0x0000000065b69000 	C:\Program Files\Java\jdk1.8.0_60\jre\bin\java.dll
0x0000000065b20000 - 0x0000000065b36000 	C:\Program Files\Java\jdk1.8.0_60\jre\bin\zip.dll
0x00007ffe9c810000 - 0x00007ffe9dd6f000 	C:\WINDOWS\system32\SHELL32.dll
0x00007ffe9b4a0000 - 0x00007ffe9bae4000 	C:\WINDOWS\system32\windows.storage.dll
0x00007ffe9e7d0000 - 0x00007ffe9e822000 	C:\WINDOWS\system32\shlwapi.dll
0x00007ffe9b140000 - 0x00007ffe9b14f000 	C:\WINDOWS\system32\kernel.appcore.dll
0x00007ffe9bb60000 - 0x00007ffe9bc15000 	C:\WINDOWS\system32\shcore.dll
0x00007ffe9b0e0000 - 0x00007ffe9b12b000 	C:\WINDOWS\system32\powrprof.dll
0x00007ffe9b150000 - 0x00007ffe9b164000 	C:\WINDOWS\system32\profapi.dll
0x0000000065b00000 - 0x0000000065b1a000 	C:\Program Files\Java\jdk1.8.0_60\jre\bin\net.dll
0x00007ffe9a9b0000 - 0x00007ffe9aa0c000 	C:\WINDOWS\system32\mswsock.dll
0x0000000065ae0000 - 0x0000000065af1000 	C:\Program Files\Java\jdk1.8.0_60\jre\bin\nio.dll
0x00007ffe79d20000 - 0x00007ffe79d32000 	C:\Users\MetFX\.gradle\native\19\windows-amd64\native-platform.dll
0x00007ffe96690000 - 0x00007ffe966c8000 	C:\WINDOWS\SYSTEM32\IPHLPAPI.DLL
0x00007ffe9c320000 - 0x00007ffe9c328000 	C:\WINDOWS\system32\NSI.dll
0x00007ffe92090000 - 0x00007ffe920a6000 	C:\WINDOWS\SYSTEM32\dhcpcsvc6.DLL
0x00007ffe92070000 - 0x00007ffe9208a000 	C:\WINDOWS\SYSTEM32\dhcpcsvc.DLL
0x00007ffe9aa60000 - 0x00007ffe9aa77000 	C:\WINDOWS\SYSTEM32\CRYPTSP.dll
0x00007ffe9a6f0000 - 0x00007ffe9a724000 	C:\WINDOWS\system32\rsaenh.dll
0x00007ffe9b010000 - 0x00007ffe9b039000 	C:\WINDOWS\SYSTEM32\bcrypt.dll
0x00007ffe9a840000 - 0x00007ffe9a85f000 	C:\WINDOWS\SYSTEM32\USERENV.dll
0x00007ffe9ab80000 - 0x00007ffe9ab8b000 	C:\WINDOWS\SYSTEM32\CRYPTBASE.dll
0x00000000658e0000 - 0x00000000658ed000 	C:\Program Files\Java\jdk1.8.0_60\jre\bin\management.dll
0x00007ffe717f0000 - 0x00007ffe7197c000 	C:\WINDOWS\SYSTEM32\dbghelp.dll

VM Arguments:
jvm_args: -XX:MaxPermSize=256m -XX:+HeapDumpOnOutOfMemoryError -Xmx256m -Dfile.encoding=UTF-8 -Duser.country=US -Duser.language=en -Duser.variant 
java_command: org.gradle.launcher.daemon.bootstrap.GradleDaemon 2.4 C:\Users\MetFX\.gradle C:\Users\MetFX\.gradle\daemon 10800000 3e54bf93-e6fb-4a93-97fd-119199fa366e -XX:MaxPermSize=256m -XX:+HeapDumpOnOutOfMemoryError -Xmx256m -Dfile.encoding=UTF-8 -Duser.country=US -Duser.language=en -Duser.variant
java_class_path (initial): C:\Program Files\Android\Android Studio1\gradle\gradle-2.4\lib\gradle-launcher-2.4.jar
Launcher Type: SUN_STANDARD

Environment Variables:
PATH=C:\Program Files (x86)\PC Connectivity Solution\;C:\ProgramData\Oracle\Java\javapath;C:\WINDOWS\system32;C:\WINDOWS;C:\WINDOWS\System32\Wbem;C:\WINDOWS\System32\WindowsPowerShell\v1.0\;C:\Program Files\WIDCOMM\Bluetooth Software\;C:\Program Files\WIDCOMM\Bluetooth Software\syswow64;C:\Program Files (x86)\AMD\ATI.ACE\Core-Static;C:\Program Files (x86)\ATI Technologies\ATI.ACE\Core-Static;C:\Program Files\nodejs\;C:\Program Files\Microsoft SQL Server\110\Tools\Binn\;C:\Program Files (x86)\Microsoft SQL Server\100\Tools\Binn\;C:\Program Files (x86)\Microsoft SQL Server\100\DTS\Binn\;C:\Program Files (x86)\Skype\Phone\;C:\Users\MetFX\AppData\Roaming\npm
USERNAME=MetFX
OS=Windows_NT
PROCESSOR_IDENTIFIER=AMD64 Family 20 Model 2 Stepping 0, AuthenticAMD



---------------  S Y S T E M  ---------------

OS: Windows 10.0 , 64 bit Build 10586 (10.0.10586.0)

CPU:total 2 (2 cores per cpu, 1 threads per core) family 20 model 2 stepping 0, cmov, cx8, fxsr, mmx, sse, sse2, sse3, ssse3, popcnt, mmxext, lzcnt, sse4a, tsc, tscinvbit, tscinv

Memory: 4k page, physical 3770636k(1037320k free), swap 4819212k(1115932k free)

vm_info: Java HotSpot(TM) 64-Bit Server VM (25.60-b23) for windows-amd64 JRE (1.8.0_60-b27), built on Aug  4 2015 11:06:27 by "java_re" with MS VC++ 10.0 (VS2010)

time: Fri Jan 08 19:09:46 2016
elapsed time: 147 seconds (0d 0h 2m 27s)

